{"/Users/mac/Desktop/jcwdjkt-modul5/my-blog-api/src/services/article.service.ts": {"path":"/Users/mac/Desktop/jcwdjkt-modul5/my-blog-api/src/services/article.service.ts","statementMap":{"0":{"start":{"line":12,"column":0},"end":{"line":12,"column":22}},"1":{"start":{"line":74,"column":0},"end":{"line":74,"column":22}},"2":{"start":{"line":101,"column":0},"end":{"line":101,"column":22}},"3":{"start":{"line":135,"column":0},"end":{"line":135,"column":22}},"4":{"start":{"line":153,"column":0},"end":{"line":153,"column":22}},"5":{"start":{"line":1,"column":0},"end":{"line":1,"column":35}},"6":{"start":{"line":2,"column":0},"end":{"line":2,"column":54}},"7":{"start":{"line":3,"column":0},"end":{"line":3,"column":33}},"8":{"start":{"line":4,"column":0},"end":{"line":4,"column":28}},"9":{"start":{"line":5,"column":0},"end":{"line":5,"column":38}},"10":{"start":{"line":7,"column":0},"end":{"line":7,"column":42}},"11":{"start":{"line":8,"column":0},"end":{"line":8,"column":58}},"12":{"start":{"line":10,"column":0},"end":{"line":10,"column":16}},"13":{"start":{"line":20,"column":2},"end":{"line":71,"column":3}},"14":{"start":{"line":22,"column":4},"end":{"line":24,"column":5}},"15":{"start":{"line":23,"column":6},"end":{"line":23,"column":49}},"16":{"start":{"line":26,"column":35},"end":{"line":26,"column":39}},"17":{"start":{"line":28,"column":4},"end":{"line":38,"column":5}},"18":{"start":{"line":29,"column":22},"end":{"line":29,"column":49}},"19":{"start":{"line":33,"column":6},"end":{"line":37,"column":7}},"20":{"start":{"line":34,"column":8},"end":{"line":34,"column":70}},"21":{"start":{"line":36,"column":8},"end":{"line":36,"column":40}},"22":{"start":{"line":41,"column":24},"end":{"line":41,"column":65}},"23":{"start":{"line":43,"column":23},"end":{"line":51,"column":6}},"24":{"start":{"line":53,"column":4},"end":{"line":68,"column":5}},"25":{"start":{"line":54,"column":18},"end":{"line":54,"column":28}},"26":{"start":{"line":55,"column":25},"end":{"line":55,"column":46}},"27":{"start":{"line":57,"column":29},"end":{"line":57,"column":79}},"28":{"start":{"line":59,"column":6},"end":{"line":63,"column":9}},"29":{"start":{"line":65,"column":6},"end":{"line":67,"column":8}},"30":{"start":{"line":70,"column":4},"end":{"line":70,"column":29}},"31":{"start":{"line":75,"column":2},"end":{"line":98,"column":3}},"32":{"start":{"line":76,"column":27},"end":{"line":76,"column":54}},"33":{"start":{"line":78,"column":4},"end":{"line":80,"column":5}},"34":{"start":{"line":79,"column":6},"end":{"line":79,"column":28}},"35":{"start":{"line":82,"column":21},"end":{"line":89,"column":6}},"36":{"start":{"line":91,"column":4},"end":{"line":93,"column":7}},"37":{"start":{"line":95,"column":4},"end":{"line":95,"column":20}},"38":{"start":{"line":97,"column":4},"end":{"line":97,"column":29}},"39":{"start":{"line":102,"column":2},"end":{"line":132,"column":3}},"40":{"start":{"line":103,"column":21},"end":{"line":103,"column":36}},"41":{"start":{"line":104,"column":27},"end":{"line":104,"column":52}},"42":{"start":{"line":106,"column":4},"end":{"line":108,"column":5}},"43":{"start":{"line":107,"column":6},"end":{"line":107,"column":28}},"44":{"start":{"line":110,"column":20},"end":{"line":115,"column":6}},"45":{"start":{"line":117,"column":4},"end":{"line":119,"column":5}},"46":{"start":{"line":118,"column":6},"end":{"line":118,"column":51}},"47":{"start":{"line":121,"column":4},"end":{"line":123,"column":7}},"48":{"start":{"line":125,"column":4},"end":{"line":125,"column":19}},"49":{"start":{"line":127,"column":4},"end":{"line":129,"column":5}},"50":{"start":{"line":128,"column":6},"end":{"line":128,"column":18}},"51":{"start":{"line":131,"column":4},"end":{"line":131,"column":29}},"52":{"start":{"line":139,"column":2},"end":{"line":150,"column":3}},"53":{"start":{"line":140,"column":4},"end":{"line":143,"column":7}},"54":{"start":{"line":145,"column":4},"end":{"line":147,"column":5}},"55":{"start":{"line":146,"column":6},"end":{"line":146,"column":18}},"56":{"start":{"line":149,"column":4},"end":{"line":149,"column":29}},"57":{"start":{"line":154,"column":2},"end":{"line":167,"column":3}},"58":{"start":{"line":155,"column":4},"end":{"line":160,"column":7}},"59":{"start":{"line":162,"column":4},"end":{"line":164,"column":5}},"60":{"start":{"line":163,"column":6},"end":{"line":163,"column":18}},"61":{"start":{"line":166,"column":4},"end":{"line":166,"column":29}}},"fnMap":{"0":{"name":"createArticle","decl":{"start":{"line":12,"column":22},"end":{"line":12,"column":35}},"loc":{"start":{"line":18,"column":27},"end":{"line":72,"column":null}}},"1":{"name":"getArticles","decl":{"start":{"line":74,"column":22},"end":{"line":74,"column":33}},"loc":{"start":{"line":74,"column":33},"end":{"line":99,"column":null}}},"2":{"name":"getArticleById","decl":{"start":{"line":101,"column":22},"end":{"line":101,"column":36}},"loc":{"start":{"line":101,"column":47},"end":{"line":133,"column":null}}},"3":{"name":"updateArticle","decl":{"start":{"line":135,"column":22},"end":{"line":135,"column":35}},"loc":{"start":{"line":137,"column":48},"end":{"line":151,"column":null}}},"4":{"name":"deleteArticle","decl":{"start":{"line":153,"column":22},"end":{"line":153,"column":35}},"loc":{"start":{"line":153,"column":46},"end":{"line":168,"column":null}}}},"branchMap":{"0":{"loc":{"start":{"line":22,"column":4},"end":{"line":24,"column":5}},"type":"if","locations":[{"start":{"line":22,"column":4},"end":{"line":24,"column":5}},{"start":{},"end":{}}]},"1":{"loc":{"start":{"line":28,"column":4},"end":{"line":38,"column":5}},"type":"if","locations":[{"start":{"line":28,"column":4},"end":{"line":38,"column":5}},{"start":{},"end":{}}]},"2":{"loc":{"start":{"line":33,"column":6},"end":{"line":37,"column":7}},"type":"if","locations":[{"start":{"line":33,"column":6},"end":{"line":37,"column":7}},{"start":{"line":35,"column":13},"end":{"line":37,"column":7}}]},"3":{"loc":{"start":{"line":33,"column":10},"end":{"line":33,"column":58}},"type":"binary-expr","locations":[{"start":{"line":33,"column":10},"end":{"line":33,"column":32}},{"start":{"line":33,"column":36},"end":{"line":33,"column":58}}]},"4":{"loc":{"start":{"line":41,"column":24},"end":{"line":41,"column":65}},"type":"binary-expr","locations":[{"start":{"line":41,"column":24},"end":{"line":41,"column":36}},{"start":{"line":41,"column":40},"end":{"line":41,"column":65}}]},"5":{"loc":{"start":{"line":53,"column":4},"end":{"line":68,"column":5}},"type":"if","locations":[{"start":{"line":53,"column":4},"end":{"line":68,"column":5}},{"start":{},"end":{}}]},"6":{"loc":{"start":{"line":53,"column":8},"end":{"line":53,"column":35}},"type":"binary-expr","locations":[{"start":{"line":53,"column":8},"end":{"line":53,"column":20}},{"start":{"line":53,"column":24},"end":{"line":53,"column":35}}]},"7":{"loc":{"start":{"line":78,"column":4},"end":{"line":80,"column":5}},"type":"if","locations":[{"start":{"line":78,"column":4},"end":{"line":80,"column":5}},{"start":{},"end":{}}]},"8":{"loc":{"start":{"line":106,"column":4},"end":{"line":108,"column":5}},"type":"if","locations":[{"start":{"line":106,"column":4},"end":{"line":108,"column":5}},{"start":{},"end":{}}]},"9":{"loc":{"start":{"line":117,"column":4},"end":{"line":119,"column":5}},"type":"if","locations":[{"start":{"line":117,"column":4},"end":{"line":119,"column":5}},{"start":{},"end":{}}]},"10":{"loc":{"start":{"line":127,"column":4},"end":{"line":129,"column":5}},"type":"if","locations":[{"start":{"line":127,"column":4},"end":{"line":129,"column":5}},{"start":{},"end":{}}]},"11":{"loc":{"start":{"line":145,"column":4},"end":{"line":147,"column":5}},"type":"if","locations":[{"start":{"line":145,"column":4},"end":{"line":147,"column":5}},{"start":{},"end":{}}]},"12":{"loc":{"start":{"line":162,"column":4},"end":{"line":164,"column":5}},"type":"if","locations":[{"start":{"line":162,"column":4},"end":{"line":164,"column":5}},{"start":{},"end":{}}]}},"s":{"0":1,"1":1,"2":1,"3":1,"4":1,"5":1,"6":1,"7":1,"8":1,"9":1,"10":1,"11":1,"12":1,"13":1,"14":1,"15":1,"16":1,"17":1,"18":0,"19":0,"20":0,"21":0,"22":1,"23":1,"24":1,"25":0,"26":0,"27":0,"28":0,"29":0,"30":0,"31":2,"32":2,"33":2,"34":1,"35":1,"36":1,"37":1,"38":0,"39":0,"40":0,"41":0,"42":0,"43":0,"44":0,"45":0,"46":0,"47":0,"48":0,"49":0,"50":0,"51":0,"52":0,"53":0,"54":0,"55":0,"56":0,"57":0,"58":0,"59":0,"60":0,"61":0},"f":{"0":1,"1":2,"2":0,"3":0,"4":0},"b":{"0":[1,0],"1":[0,1],"2":[0,0],"3":[0,0],"4":[1,0],"5":[0,1],"6":[1,0],"7":[1,1],"8":[0,0],"9":[0,0],"10":[0,0],"11":[0,0],"12":[0,0]}}
,"/Users/mac/Desktop/jcwdjkt-modul5/my-blog-api/src/utils/error.ts": {"path":"/Users/mac/Desktop/jcwdjkt-modul5/my-blog-api/src/utils/error.ts","statementMap":{"0":{"start":{"line":5,"column":4},"end":{"line":5,"column":19}},"1":{"start":{"line":7,"column":4},"end":{"line":7,"column":33}},"2":{"start":{"line":8,"column":4},"end":{"line":8,"column":52}},"3":{"start":{"line":1,"column":0},"end":{"line":1,"column":13}}},"fnMap":{"0":{"name":"(anonymous_0)","decl":{"start":{"line":4,"column":2},"end":{"line":4,"column":14}},"loc":{"start":{"line":4,"column":47},"end":{"line":9,"column":3}}}},"branchMap":{"0":{"loc":{"start":{"line":4,"column":31},"end":{"line":4,"column":47}},"type":"default-arg","locations":[{"start":{"line":4,"column":44},"end":{"line":4,"column":47}}]}},"s":{"0":0,"1":0,"2":0,"3":1},"f":{"0":0},"b":{"0":[0]}}
,"/Users/mac/Desktop/jcwdjkt-modul5/my-blog-api/src/utils/handlePrisma.ts": {"path":"/Users/mac/Desktop/jcwdjkt-modul5/my-blog-api/src/utils/handlePrisma.ts","statementMap":{"0":{"start":{"line":4,"column":0},"end":{"line":4,"column":16}},"1":{"start":{"line":1,"column":0},"end":{"line":1,"column":40}},"2":{"start":{"line":2,"column":0},"end":{"line":2,"column":35}},"3":{"start":{"line":5,"column":2},"end":{"line":14,"column":3}},"4":{"start":{"line":6,"column":4},"end":{"line":13,"column":5}},"5":{"start":{"line":8,"column":8},"end":{"line":8,"column":53}},"6":{"start":{"line":10,"column":8},"end":{"line":10,"column":50}},"7":{"start":{"line":12,"column":8},"end":{"line":12,"column":50}},"8":{"start":{"line":16,"column":2},"end":{"line":18,"column":3}},"9":{"start":{"line":17,"column":4},"end":{"line":17,"column":50}},"10":{"start":{"line":20,"column":2},"end":{"line":20,"column":51}}},"fnMap":{"0":{"name":"handlePrismaError","decl":{"start":{"line":4,"column":16},"end":{"line":4,"column":33}},"loc":{"start":{"line":4,"column":48},"end":{"line":21,"column":1}}}},"branchMap":{"0":{"loc":{"start":{"line":5,"column":2},"end":{"line":14,"column":3}},"type":"if","locations":[{"start":{"line":5,"column":2},"end":{"line":14,"column":3}},{"start":{},"end":{}}]},"1":{"loc":{"start":{"line":6,"column":4},"end":{"line":13,"column":5}},"type":"switch","locations":[{"start":{"line":7,"column":6},"end":{"line":8,"column":53}},{"start":{"line":9,"column":6},"end":{"line":10,"column":50}},{"start":{"line":11,"column":6},"end":{"line":12,"column":50}}]},"2":{"loc":{"start":{"line":16,"column":2},"end":{"line":18,"column":3}},"type":"if","locations":[{"start":{"line":16,"column":2},"end":{"line":18,"column":3}},{"start":{},"end":{}}]}},"s":{"0":1,"1":1,"2":1,"3":0,"4":0,"5":0,"6":0,"7":0,"8":0,"9":0,"10":0},"f":{"0":0},"b":{"0":[0,0],"1":[0,0,0],"2":[0,0]}}
}
