TN:
SF:src/services/article.service.ts
FN:12,createArticle
FN:74,getArticles
FN:101,getArticleById
FN:135,updateArticle
FN:153,deleteArticle
FNF:5
FNH:2
FNDA:1,createArticle
FNDA:2,getArticles
FNDA:0,getArticleById
FNDA:0,updateArticle
FNDA:0,deleteArticle
DA:1,1
DA:2,1
DA:3,1
DA:4,1
DA:5,1
DA:7,1
DA:8,1
DA:10,1
DA:12,1
DA:20,1
DA:22,1
DA:23,1
DA:26,1
DA:28,1
DA:29,0
DA:33,0
DA:34,0
DA:36,0
DA:41,1
DA:43,1
DA:53,1
DA:54,0
DA:55,0
DA:57,0
DA:59,0
DA:65,0
DA:70,0
DA:74,1
DA:75,2
DA:76,2
DA:78,2
DA:79,1
DA:82,1
DA:91,1
DA:95,1
DA:97,0
DA:101,1
DA:102,0
DA:103,0
DA:104,0
DA:106,0
DA:107,0
DA:110,0
DA:117,0
DA:118,0
DA:121,0
DA:125,0
DA:127,0
DA:128,0
DA:131,0
DA:135,1
DA:139,0
DA:140,0
DA:145,0
DA:146,0
DA:149,0
DA:153,1
DA:154,0
DA:155,0
DA:162,0
DA:163,0
DA:166,0
LF:62
LH:28
BRDA:22,0,0,1
BRDA:22,0,1,0
BRDA:28,1,0,0
BRDA:28,1,1,1
BRDA:33,2,0,0
BRDA:33,2,1,0
BRDA:33,3,0,0
BRDA:33,3,1,0
BRDA:41,4,0,1
BRDA:41,4,1,0
BRDA:53,5,0,0
BRDA:53,5,1,1
BRDA:53,6,0,1
BRDA:53,6,1,0
BRDA:78,7,0,1
BRDA:78,7,1,1
BRDA:106,8,0,0
BRDA:106,8,1,0
BRDA:117,9,0,0
BRDA:117,9,1,0
BRDA:127,10,0,0
BRDA:127,10,1,0
BRDA:145,11,0,0
BRDA:145,11,1,0
BRDA:162,12,0,0
BRDA:162,12,1,0
BRF:26
BRH:7
end_of_record
TN:
SF:src/utils/error.ts
FN:4,(anonymous_0)
FNF:1
FNH:0
FNDA:0,(anonymous_0)
DA:1,1
DA:5,0
DA:7,0
DA:8,0
LF:4
LH:1
BRDA:4,0,0,0
BRF:1
BRH:0
end_of_record
TN:
SF:src/utils/handlePrisma.ts
FN:4,handlePrismaError
FNF:1
FNH:0
FNDA:0,handlePrismaError
DA:1,1
DA:2,1
DA:4,1
DA:5,0
DA:6,0
DA:8,0
DA:10,0
DA:12,0
DA:16,0
DA:17,0
DA:20,0
LF:11
LH:3
BRDA:5,0,0,0
BRDA:5,0,1,0
BRDA:6,1,0,0
BRDA:6,1,1,0
BRDA:6,1,2,0
BRDA:16,2,0,0
BRDA:16,2,1,0
BRF:7
BRH:0
end_of_record
